[2021-10-19T17:36:22.526] [ERROR] err - [SQL Execute Error]: INSERT INTO op_user (user_id,login_datetime,ip) VALUES ('d7141fc5-c58d-4061-92ed-0d90f3bda3de', now(), '::ffff:127.0.0.1') Error: ER_BAD_FIELD_ERROR: Unknown column 'user_id' in 'field list'
    at Query.Sequence._packetToError (c:\Personal Files\github\resume-new\node_modules\mysql\lib\protocol\sequences\Sequence.js:47:14)
    at Query.ErrorPacket (c:\Personal Files\github\resume-new\node_modules\mysql\lib\protocol\sequences\Query.js:79:18)
    at Protocol._parsePacket (c:\Personal Files\github\resume-new\node_modules\mysql\lib\protocol\Protocol.js:291:23)
    at Parser._parsePacket (c:\Personal Files\github\resume-new\node_modules\mysql\lib\protocol\Parser.js:433:10)
    at Parser.write (c:\Personal Files\github\resume-new\node_modules\mysql\lib\protocol\Parser.js:43:10)
    at Protocol.write (c:\Personal Files\github\resume-new\node_modules\mysql\lib\protocol\Protocol.js:38:16)
    at Socket.<anonymous> (c:\Personal Files\github\resume-new\node_modules\mysql\lib\Connection.js:88:28)
    at Socket.<anonymous> (c:\Personal Files\github\resume-new\node_modules\mysql\lib\Connection.js:526:10)
    at Socket.emit (events.js:314:20)
    at addChunk (_stream_readable.js:297:12)
    --------------------
    at Protocol._enqueue (c:\Personal Files\github\resume-new\node_modules\mysql\lib\protocol\Protocol.js:144:48)
    at Connection.query (c:\Personal Files\github\resume-new\node_modules\mysql\lib\Connection.js:198:25)
    at c:\Personal Files\github\resume-new\server\sql\index.js:8:12
    at new Promise (<anonymous>)
    at Object.execute (c:\Personal Files\github\resume-new\server\sql\index.js:7:12)
    at logLoginRecord (c:\Personal Files\github\resume-new\server\api\module\op.js:290:12)
    at c:\Personal Files\github\resume-new\server\api\module\op.js:21:9
    at processTicksAndRejections (internal/process/task_queues.js:97:5) {
  code: 'ER_BAD_FIELD_ERROR',
  errno: 1054,
  sqlMessage: "Unknown column 'user_id' in 'field list'",
  sqlState: '42S22',
  index: 0,
  sql: "INSERT INTO op_user (user_id,login_datetime,ip) VALUES ('d7141fc5-c58d-4061-92ed-0d90f3bda3de', now(), '::ffff:127.0.0.1')"
}
