[2021-10-20T15:49:08.354] [ERROR] err - [SQL Execute Error]: SELECT (id, title) FROM op_tag WHERE is_enable > 0 Error: ER_OPERAND_COLUMNS: Operand should contain 1 column(s)
    at Query.Sequence._packetToError (c:\Personal Files\github\resume-new\node_modules\mysql\lib\protocol\sequences\Sequence.js:47:14)
    at Query.ErrorPacket (c:\Personal Files\github\resume-new\node_modules\mysql\lib\protocol\sequences\Query.js:79:18)
    at Protocol._parsePacket (c:\Personal Files\github\resume-new\node_modules\mysql\lib\protocol\Protocol.js:291:23)
    at Parser._parsePacket (c:\Personal Files\github\resume-new\node_modules\mysql\lib\protocol\Parser.js:433:10)
    at Parser.write (c:\Personal Files\github\resume-new\node_modules\mysql\lib\protocol\Parser.js:43:10)
    at Protocol.write (c:\Personal Files\github\resume-new\node_modules\mysql\lib\protocol\Protocol.js:38:16)
    at Socket.<anonymous> (c:\Personal Files\github\resume-new\node_modules\mysql\lib\Connection.js:88:28)
    at Socket.<anonymous> (c:\Personal Files\github\resume-new\node_modules\mysql\lib\Connection.js:526:10)
    at Socket.emit (events.js:314:20)
    at addChunk (_stream_readable.js:297:12)
    --------------------
    at Protocol._enqueue (c:\Personal Files\github\resume-new\node_modules\mysql\lib\protocol\Protocol.js:144:48)
    at Connection.query (c:\Personal Files\github\resume-new\node_modules\mysql\lib\Connection.js:198:25)
    at c:\Personal Files\github\resume-new\server\sql\index.js:8:12
    at new Promise (<anonymous>)
    at Object.execute (c:\Personal Files\github\resume-new\server\sql\index.js:7:12)
    at responseSqlResult (c:\Personal Files\github\resume-new\server\api\module\op.js:66:12)
    at c:\Personal Files\github\resume-new\server\api\module\op.js:42:5
    at Layer.handle [as handle_request] (c:\Personal Files\github\resume-new\node_modules\express\lib\router\layer.js:95:5)
    at next (c:\Personal Files\github\resume-new\node_modules\express\lib\router\route.js:137:13)
    at Route.dispatch (c:\Personal Files\github\resume-new\node_modules\express\lib\router\route.js:112:3) {
  code: 'ER_OPERAND_COLUMNS',
  errno: 1241,
  sqlMessage: 'Operand should contain 1 column(s)',
  sqlState: '21000',
  index: 0,
  sql: 'SELECT (id, title) FROM op_tag WHERE is_enable > 0'
}
[2021-10-20T15:49:15.045] [ERROR] err - [SQL Execute Error]: SELECT (id, title) FROM op_tag WHERE is_enable > 0 Error: ER_OPERAND_COLUMNS: Operand should contain 1 column(s)
    at Query.Sequence._packetToError (c:\Personal Files\github\resume-new\node_modules\mysql\lib\protocol\sequences\Sequence.js:47:14)
    at Query.ErrorPacket (c:\Personal Files\github\resume-new\node_modules\mysql\lib\protocol\sequences\Query.js:79:18)
    at Protocol._parsePacket (c:\Personal Files\github\resume-new\node_modules\mysql\lib\protocol\Protocol.js:291:23)
    at Parser._parsePacket (c:\Personal Files\github\resume-new\node_modules\mysql\lib\protocol\Parser.js:433:10)
    at Parser.write (c:\Personal Files\github\resume-new\node_modules\mysql\lib\protocol\Parser.js:43:10)
    at Protocol.write (c:\Personal Files\github\resume-new\node_modules\mysql\lib\protocol\Protocol.js:38:16)
    at Socket.<anonymous> (c:\Personal Files\github\resume-new\node_modules\mysql\lib\Connection.js:88:28)
    at Socket.<anonymous> (c:\Personal Files\github\resume-new\node_modules\mysql\lib\Connection.js:526:10)
    at Socket.emit (events.js:314:20)
    at addChunk (_stream_readable.js:297:12)
    --------------------
    at Protocol._enqueue (c:\Personal Files\github\resume-new\node_modules\mysql\lib\protocol\Protocol.js:144:48)
    at Connection.query (c:\Personal Files\github\resume-new\node_modules\mysql\lib\Connection.js:198:25)
    at c:\Personal Files\github\resume-new\server\sql\index.js:8:12
    at new Promise (<anonymous>)
    at Object.execute (c:\Personal Files\github\resume-new\server\sql\index.js:7:12)
    at responseSqlResult (c:\Personal Files\github\resume-new\server\api\module\op.js:66:12)
    at c:\Personal Files\github\resume-new\server\api\module\op.js:42:5
    at Layer.handle [as handle_request] (c:\Personal Files\github\resume-new\node_modules\express\lib\router\layer.js:95:5)
    at next (c:\Personal Files\github\resume-new\node_modules\express\lib\router\route.js:137:13)
    at Route.dispatch (c:\Personal Files\github\resume-new\node_modules\express\lib\router\route.js:112:3) {
  code: 'ER_OPERAND_COLUMNS',
  errno: 1241,
  sqlMessage: 'Operand should contain 1 column(s)',
  sqlState: '21000',
  index: 0,
  sql: 'SELECT (id, title) FROM op_tag WHERE is_enable > 0'
}
[2021-10-20T16:48:55.396] [ERROR] err - [SQL Execute Error]: INSERT INTO op_article 
      (id,title,tags,content,create_by,create_datetime,is_top,id_draft) VALUES 
      ('8edc3b30-3182-11ec-aea8-2bd8d0dd9098','123123','5e8e4a30-3179-11ec-bdc6-5d6fc26b09f3','','d7141fc5-c58d-4061-92ed-0d90f3bda3de',NOW(),0,0) Error: ER_BAD_FIELD_ERROR: Unknown column 'id_draft' in 'field list'
    at Query.Sequence._packetToError (c:\Personal Files\github\resume-new\node_modules\mysql\lib\protocol\sequences\Sequence.js:47:14)
    at Query.ErrorPacket (c:\Personal Files\github\resume-new\node_modules\mysql\lib\protocol\sequences\Query.js:79:18)
    at Protocol._parsePacket (c:\Personal Files\github\resume-new\node_modules\mysql\lib\protocol\Protocol.js:291:23)
    at Parser._parsePacket (c:\Personal Files\github\resume-new\node_modules\mysql\lib\protocol\Parser.js:433:10)
    at Parser.write (c:\Personal Files\github\resume-new\node_modules\mysql\lib\protocol\Parser.js:43:10)
    at Protocol.write (c:\Personal Files\github\resume-new\node_modules\mysql\lib\protocol\Protocol.js:38:16)
    at Socket.<anonymous> (c:\Personal Files\github\resume-new\node_modules\mysql\lib\Connection.js:88:28)
    at Socket.<anonymous> (c:\Personal Files\github\resume-new\node_modules\mysql\lib\Connection.js:526:10)
    at Socket.emit (events.js:314:20)
    at addChunk (_stream_readable.js:297:12)
    --------------------
    at Protocol._enqueue (c:\Personal Files\github\resume-new\node_modules\mysql\lib\protocol\Protocol.js:144:48)
    at Connection.query (c:\Personal Files\github\resume-new\node_modules\mysql\lib\Connection.js:198:25)
    at c:\Personal Files\github\resume-new\server\sql\index.js:8:12
    at new Promise (<anonymous>)
    at Object.execute (c:\Personal Files\github\resume-new\server\sql\index.js:7:12)
    at c:\Personal Files\github\resume-new\server\api\module\op.js:78:16
    at processTicksAndRejections (internal/process/task_queues.js:97:5) {
  code: 'ER_BAD_FIELD_ERROR',
  errno: 1054,
  sqlMessage: "Unknown column 'id_draft' in 'field list'",
  sqlState: '42S22',
  index: 0,
  sql: 'INSERT INTO op_article \n' +
    '      (id,title,tags,content,create_by,create_datetime,is_top,id_draft) VALUES \n' +
    "      ('8edc3b30-3182-11ec-aea8-2bd8d0dd9098','123123','5e8e4a30-3179-11ec-bdc6-5d6fc26b09f3','','d7141fc5-c58d-4061-92ed-0d90f3bda3de',NOW(),0,0)"
}
